2025-09-02 20:11:37.967 [main] INFO  mftplus.FxApp - Starting FxApp
2025-09-02 20:11:37.989 [main] INFO  mftplus.model.repository.DatabaseManager - create table persons(    id         number primary key,    name       nvarchar2(20) not null,    family     nvarchar2(20) not null,    birth_date date          not null,    role       nvarchar2(20) default 'customer',    status     number(1)     default 1)
2025-09-02 20:11:38.997 [main] ERROR mftplus.model.repository.DatabaseManager - ORA-00955: name is already used by an existing object

2025-09-02 20:11:38.998 [main] INFO  mftplus.model.repository.DatabaseManager - create sequence person_seq start with 1 increment by 1
2025-09-02 20:11:39.036 [main] ERROR mftplus.model.repository.DatabaseManager - ORA-00955: name is already used by an existing object

2025-09-02 20:11:39.036 [main] INFO  mftplus.model.repository.DatabaseManager - create table users(    id            number primary key,    person_id     number,    username      nvarchar2(20) not null unique,    password      nvarchar2(20) not null,    nick_name     nvarchar2(20) not null,    locked        number(1) default 0,    register_date date default sysdate,    constraint fk_user_person FOREIGN KEY (person_id) references persons (id))
2025-09-02 20:11:39.075 [main] ERROR mftplus.model.repository.DatabaseManager - ORA-00955: name is already used by an existing object

2025-09-02 20:11:39.075 [main] INFO  mftplus.model.repository.DatabaseManager - create sequence user_seq start with 1 increment by 1
2025-09-02 20:11:39.119 [main] ERROR mftplus.model.repository.DatabaseManager - ORA-00955: name is already used by an existing object

2025-09-02 20:11:39.120 [main] INFO  mftplus.model.repository.DatabaseManager - create table cars(    id        number unique                 not null,    person_id number,    name      nvarchar2(20)                 not null,    brand     nvarchar2(20)                 not null,    man_date  DATE          DEFAULT SYSDATE NOT NULL,    color     nvarchar2(20) default 'Black',    plate     nvarchar2(10),    constraint fk_car_person FOREIGN KEY (person_id) references persons (id))
2025-09-02 20:11:39.168 [main] ERROR mftplus.model.repository.DatabaseManager - ORA-00955: name is already used by an existing object

2025-09-02 20:11:39.168 [main] INFO  mftplus.model.repository.DatabaseManager - create sequence cars_seq start with 1 increment by 1
2025-09-02 20:11:39.207 [main] ERROR mftplus.model.repository.DatabaseManager - ORA-00955: name is already used by an existing object

2025-09-02 20:11:39.207 [main] INFO  mftplus.model.repository.DatabaseManager - create table educations(    id              number primary key,    person_id       number,    university      nvarchar2(30) not null,    education_grade nvarchar2(20) not null,    average         number(4, 2)  not null,    start_date      date          not null,    end_date        date          not null,    constraint fk_edu_person FOREIGN KEY (person_id) references persons (id))
2025-09-02 20:11:39.265 [main] ERROR mftplus.model.repository.DatabaseManager - ORA-00955: name is already used by an existing object

2025-09-02 20:11:39.266 [main] INFO  mftplus.model.repository.DatabaseManager - create sequence education_seq start with 1 increment by 1
2025-09-02 20:11:39.308 [main] ERROR mftplus.model.repository.DatabaseManager - ORA-00955: name is already used by an existing object

2025-09-02 20:11:39.308 [main] INFO  mftplus.model.repository.DatabaseManager - create table contacts(    id            number primary key,    person_id     number,    contact_title nvarchar2(20) default 'Phone',    contact_id    nvarchar2(20) not null,    contact_type  nvarchar2(20) not null,    description   nvarchar2(200),    status        number(1)     default 1,    constraint fk_contact_person FOREIGN KEY (person_id) references persons (id))
2025-09-02 20:11:39.361 [main] ERROR mftplus.model.repository.DatabaseManager - ORA-00955: name is already used by an existing object

2025-09-02 20:11:39.361 [main] INFO  mftplus.model.repository.DatabaseManager - create sequence contact_seq start with 1 increment by 1
2025-09-02 20:11:39.397 [main] ERROR mftplus.model.repository.DatabaseManager - ORA-00955: name is already used by an existing object

2025-09-02 20:11:39.397 [main] INFO  mftplus.model.repository.DatabaseManager - create table jobs(    id           number primary key,    person_id    number,    organisation nvarchar2(20) not null,    title        nvarchar2(20) default 'Employee',    start_date   date          not null,    end_date     date          not null,    description  nvarchar2(200),    constraint fk_job_person FOREIGN KEY (person_id) references persons (id))
2025-09-02 20:11:39.439 [main] ERROR mftplus.model.repository.DatabaseManager - ORA-00955: name is already used by an existing object

2025-09-02 20:11:39.439 [main] INFO  mftplus.model.repository.DatabaseManager - create sequence job_seq start with 1 increment by 1
2025-09-02 20:11:39.481 [main] ERROR mftplus.model.repository.DatabaseManager - ORA-00955: name is already used by an existing object

2025-09-02 20:11:39.481 [main] INFO  mftplus.model.repository.DatabaseManager - create table military_cards(    id           number primary key,    person_id    number,    card_serial  nvarchar2(20) not null,    license_type nvarchar2(20) not null,    city         nvarchar2(20),    organisation nvarchar2(20),    duration     number(3),    constraint fk_military_person FOREIGN KEY (person_id) references persons (id))
2025-09-02 20:11:39.531 [main] ERROR mftplus.model.repository.DatabaseManager - ORA-00955: name is already used by an existing object

2025-09-02 20:11:39.532 [main] INFO  mftplus.model.repository.DatabaseManager - create sequence military_card_seq start with 1 increment by 1
2025-09-02 20:11:39.568 [main] ERROR mftplus.model.repository.DatabaseManager - ORA-00955: name is already used by an existing object

2025-09-02 20:11:39.568 [main] INFO  mftplus.model.repository.DatabaseManager - create table skills(    id            number primary key,    person_id     number,    title         nvarchar2(40) not null,    institute     nvarchar2(40) not null,    duration      number        not null,    register_date date,    score         number        not null,    constraint fk_skill_person FOREIGN KEY (person_id) references persons (id))
2025-09-02 20:11:39.606 [main] ERROR mftplus.model.repository.DatabaseManager - ORA-00955: name is already used by an existing object

2025-09-02 20:11:39.606 [main] INFO  mftplus.model.repository.DatabaseManager - create sequence skill_seq start with 1 increment by 1
2025-09-02 20:11:39.643 [main] ERROR mftplus.model.repository.DatabaseManager - ORA-00955: name is already used by an existing object

2025-09-02 20:11:39.643 [main] INFO  mftplus.model.repository.DatabaseManager - create table medicals(    id         number primary key,    person_id  number,    disease    nvarchar2(50) not null,    medicine   nvarchar2(50) not null,    doctor     nvarchar2(50) not null,    visit_date date          not null,    status     number(1) default 1,    constraint fk_medical_person FOREIGN KEY (person_id) references persons (id))
2025-09-02 20:12:03.742 [main] INFO  mftplus.FxApp - Starting FxApp
2025-09-02 20:12:04.551 [JavaFX Application Thread] ERROR mftplus.controller.EducationController - Loading Education Form Failed: Table "EDUCATIONS" not found (this database is empty); SQL statement:
SELECT * FROM EDUCATIONS ORDER BY UNIVERSITY, EDUCATION_GRADE [42104-220]
2025-09-02 20:12:33.040 [JavaFX Application Thread] ERROR mftplus.controller.EducationController - Education Save Failed: Table "EDUCATIONS" not found (this database is empty); SQL statement:
INSERT INTO EDUCATIONS (ID, PERSON_ID, UNIVERSITY, EDUCATION_GRADE, AVERAGE, START_DATE, END_DATE) VALUES (?, ?, ?, ?, ?, ?, ?) [42104-220]
2025-09-02 20:13:40.408 [main] INFO  mftplus.FxApp - Starting FxApp
2025-09-02 20:13:41.702 [JavaFX Application Thread] INFO  mftplus.controller.EducationController - Education Form Loaded Successfully
2025-09-02 20:13:48.468 [JavaFX Application Thread] INFO  mftplus.controller.EducationController - Education Saved Successfully: {"id":2,"person":{"id":1,"name":"ahmad","family":"ahmadi","birthDate":{"year":2025,"month":9,"day":2},"role":"customer","status":true},"university":"aasdasd","educationGrade":"diploma","average":12.0,"startDate":{"year":2025,"month":9,"day":2},"endDate":{"year":2025,"month":9,"day":2}}
2025-09-02 20:13:48.566 [JavaFX Application Thread] INFO  mftplus.controller.EducationController - Education Form Loaded Successfully
2025-09-02 20:13:54.021 [JavaFX Application Thread] INFO  mftplus.controller.EducationController - Education Selected From Table Successfully: {"id":2,"person":{"id":1,"name":"ahmad","family":"ahmadi","birthDate":{"year":2025,"month":9,"day":2},"role":"customer","status":true},"university":"aasdasd","educationGrade":"diploma","average":12.0,"startDate":{"year":2025,"month":9,"day":2},"endDate":{"year":2025,"month":9,"day":2}}
2025-09-02 20:13:58.536 [JavaFX Application Thread] INFO  mftplus.controller.EducationController - Education Edited Successfully: {"id":2,"person":{"id":1,"name":"ahmad","family":"ahmadi","birthDate":{"year":2025,"month":9,"day":2},"role":"customer","status":true},"university":"aasdasd","educationGrade":"diploma","average":14.0,"startDate":{"year":2025,"month":9,"day":2},"endDate":{"year":2025,"month":9,"day":2}}
2025-09-02 20:13:58.574 [JavaFX Application Thread] INFO  mftplus.controller.EducationController - Education Form Loaded Successfully
2025-09-02 20:14:01.204 [JavaFX Application Thread] INFO  mftplus.controller.EducationController - Education Selected From Table Successfully: {"id":2,"person":{"id":1,"name":"ahmad","family":"ahmadi","birthDate":{"year":2025,"month":9,"day":2},"role":"customer","status":true},"university":"aasdasd","educationGrade":"diploma","average":14.0,"startDate":{"year":2025,"month":9,"day":2},"endDate":{"year":2025,"month":9,"day":2}}
2025-09-02 20:14:03.397 [JavaFX Application Thread] INFO  mftplus.controller.EducationController - Education Find By University=a And Grade= Successfully
2025-09-02 20:14:05.686 [JavaFX Application Thread] INFO  mftplus.controller.EducationController - Education Find By University= And Grade= Successfully
2025-09-02 20:14:07.012 [JavaFX Application Thread] INFO  mftplus.controller.EducationController - Education Selected From Table Successfully: {"id":2,"person":{"id":1,"name":"ahmad","family":"ahmadi","birthDate":{"year":2025,"month":9,"day":2},"role":"customer","status":true},"university":"aasdasd","educationGrade":"diploma","average":14.0,"startDate":{"year":2025,"month":9,"day":2},"endDate":{"year":2025,"month":9,"day":2}}
2025-09-02 20:14:07.511 [JavaFX Application Thread] INFO  mftplus.controller.EducationController - Education Deleted Successfully: id=2
2025-09-02 20:14:07.538 [JavaFX Application Thread] INFO  mftplus.controller.EducationController - Education Form Loaded Successfully
2025-09-02 20:17:03.579 [main] INFO  mftplus.FxApp - Starting FxApp
2025-09-02 20:17:04.863 [JavaFX Application Thread] INFO  mftplus.controller.JobController - Form initialized successfully
2025-09-02 20:18:21.692 [main] INFO  mftplus.FxApp - Starting FxApp
2025-09-02 20:18:22.948 [JavaFX Application Thread] INFO  mftplus.controller.JobController - Form initialized successfully
2025-09-02 20:18:27.362 [JavaFX Application Thread] ERROR mftplus.controller.JobController - Job Save FailedFor input string: ""
2025-09-02 20:18:30.903 [JavaFX Application Thread] ERROR mftplus.controller.JobController - Job Save FailedORA-01400: cannot insert NULL into ("JAVASE"."JOBS"."ORGANISATION")

2025-09-02 20:18:37.571 [JavaFX Application Thread] ERROR mftplus.controller.JobController - Job Save FailedORA-01400: cannot insert NULL into ("JAVASE"."JOBS"."ORGANISATION")

2025-09-02 20:19:34.971 [main] INFO  mftplus.FxApp - Starting FxApp
2025-09-02 20:19:35.387 [JavaFX Application Thread] ERROR mftplus.controller.JobController - Form initialization failednull
2025-09-02 20:19:55.400 [JavaFX Application Thread] INFO  mftplus.controller.JobController - Job Find By Organisation : 
2025-09-02 20:20:02.963 [JavaFX Application Thread] ERROR mftplus.controller.JobController - Job Save Failednull
2025-09-02 20:20:06.489 [JavaFX Application Thread] ERROR mftplus.controller.JobController - Job Save Failednull
2025-09-02 20:20:09.164 [JavaFX Application Thread] INFO  mftplus.controller.JobController - Job Find By Organisation : 1
2025-09-02 20:20:09.666 [JavaFX Application Thread] ERROR mftplus.controller.JobController - Job Save Failednull
2025-09-02 20:24:46.591 [main] INFO  mftplus.FxApp - Starting FxApp
2025-09-02 20:25:33.250 [main] INFO  mftplus.FxApp - Starting FxApp
2025-09-02 20:25:55.968 [JavaFX Application Thread] INFO  mftplus.controller.DriverLicenseController - driverLicense Edited Successfully
2025-09-02 20:26:10.786 [JavaFX Application Thread] INFO  mftplus.controller.DriverLicenseController - driverLicense Saved Successfully
2025-09-02 20:26:10.865 [JavaFX Application Thread] ERROR mftplus.controller.DriverLicenseController - driverLicense Save Failed ORA-17006: Invalid column name
2025-09-02 20:26:49.351 [main] INFO  mftplus.FxApp - Starting FxApp
2025-09-02 20:26:54.711 [JavaFX Application Thread] INFO  mftplus.controller.DriverLicenseController - driverLicense Saved Successfully
2025-09-02 20:26:54.830 [JavaFX Application Thread] ERROR mftplus.controller.DriverLicenseController - driverLicense Save Failed ORA-17006: Invalid column name
2025-09-02 20:27:40.242 [main] INFO  mftplus.FxApp - Starting FxApp
2025-09-02 20:27:52.722 [JavaFX Application Thread] ERROR mftplus.controller.DriverLicenseController - driverLicense Edit Failed For input string: ""
2025-09-02 20:27:58.226 [JavaFX Application Thread] INFO  mftplus.controller.DriverLicenseController - driverLicense Edited Successfully
2025-09-02 20:28:50.790 [main] INFO  mftplus.FxApp - Starting FxApp
2025-09-02 20:28:57.696 [JavaFX Application Thread] INFO  mftplus.controller.DriverLicenseController - driverLicense Saved Successfully
2025-09-02 20:29:04.704 [JavaFX Application Thread] ERROR mftplus.controller.DriverLicenseController - driverLicense Edit Failed For input string: ""
2025-09-02 20:35:27.985 [main] INFO  mftplus.FxApp - Starting FxApp
2025-09-02 20:36:39.495 [main] INFO  mftplus.FxApp - Starting FxApp
2025-09-02 20:38:54.905 [main] INFO  mftplus.FxApp - Starting FxApp
2025-09-02 20:39:07.628 [JavaFX Application Thread] INFO  mftplus.controller.SkillController - Skill Saved Successfully
2025-09-02 20:39:15.332 [JavaFX Application Thread] INFO  mftplus.controller.SkillController - Skill Edited Successfully
2025-09-02 20:39:17.372 [JavaFX Application Thread] INFO  mftplus.controller.SkillController - skill findSkillByTitle a Successfully
2025-09-02 20:39:18.407 [JavaFX Application Thread] INFO  mftplus.controller.SkillController - skill findSkillByTitle aa Successfully
2025-09-02 20:39:19.608 [JavaFX Application Thread] INFO  mftplus.controller.SkillController - skill findSkillByTitle a Successfully
2025-09-02 20:39:19.785 [JavaFX Application Thread] INFO  mftplus.controller.SkillController - skill findSkillByTitle  Successfully
2025-09-02 20:39:21.576 [JavaFX Application Thread] INFO  mftplus.controller.SkillController - Skill Deleted Successfully
2025-09-02 20:42:29.215 [main] INFO  mftplus.FxApp - Starting FxApp
2025-09-02 20:42:30.571 [JavaFX Application Thread] INFO  mftplus.controller.MedicalController - Form initialized successfully
2025-09-02 20:42:46.301 [JavaFX Application Thread] INFO  mftplus.controller.MedicalController - Medical Saved Successfully
2025-09-02 20:42:54.251 [JavaFX Application Thread] INFO  mftplus.controller.MedicalController - Medical Edited Successfully
2025-09-02 20:42:58.968 [JavaFX Application Thread] INFO  mftplus.controller.MedicalController - Medical Edited Successfully
2025-09-02 20:43:05.296 [JavaFX Application Thread] INFO  mftplus.controller.MedicalController - Medical Deleted Successfully
2025-09-02 20:43:07.357 [JavaFX Application Thread] INFO  mftplus.controller.MedicalController - Medical Deleted Successfully
2025-09-02 20:43:12.323 [JavaFX Application Thread] INFO  mftplus.controller.MedicalController - Medical SearchFindId1
2025-09-02 20:52:11.121 [main] INFO  mftplus.FxApp - Starting FxApp
2025-09-02 20:52:21.404 [JavaFX Application Thread] ERROR mftplus.controller.PropertyController - save failed Unable to obtain LocalDateTime from TemporalAccessor: 2025-09-02 of type java.time.LocalDate
2025-09-02 20:52:36.133 [JavaFX Application Thread] ERROR mftplus.controller.PropertyController - save failed Unable to obtain LocalDateTime from TemporalAccessor: 2025-09-02 of type java.time.LocalDate
